<?xml version="1.0" encoding="UTF-8"?>
<testsuite xmlns:xsi="http://www.w3.org/2001/XMLSchema-instance" xsi:noNamespaceSchemaLocation="https://maven.apache.org/surefire/maven-surefire-plugin/xsd/surefire-test-report-3.0.xsd" version="3.0" name="TestSuite" time="3.021" tests="5" errors="0" skipped="0" failures="4">
  <properties>
[...]
</properties>
  <testcase name="samplePostTest1" classname="RESTAPITesting.Framework.SamplePostTest" time="0.106">
    <failure message="Attempted to serialize java.lang.Class: java.lang.reflect.AccessibleObject. Forgot to register a type adapter?" type="java.lang.UnsupportedOperationException"><![CDATA[java.lang.UnsupportedOperationException: Attempted to serialize java.lang.Class: java.lang.reflect.AccessibleObject. Forgot to register a type adapter?
	at RESTAPITesting.Framework.SamplePostTest.samplePostTest1(SamplePostTest.java:25)
]]></failure>
    <system-err><![CDATA[SLF4J: Failed to load class "org.slf4j.impl.StaticLoggerBinder".
SLF4J: Defaulting to no-operation (NOP) logger implementation
SLF4J: See http://www.slf4j.org/codes.html#StaticLoggerBinder for further details.
]]></system-err>
  </testcase>
  <testcase name="sampletest1" classname="RESTAPITesting.Framework.SampleTest" time="1.809">
    <failure message="Connection refused (Connection refused)" type="java.net.ConnectException"><![CDATA[java.net.ConnectException: Connection refused (Connection refused)
	at RESTAPITesting.Framework.SampleTest.sampletest1(SampleTest.java:15)
]]></failure>
    <system-out><![CDATA[Request method:	GET
Request URI:	http://localhost:8080/app/videogames
Proxy:			<none>
Request params:	<none>
Query params:	<none>
Form params:	<none>
Path params:	<none>
Headers:		Authorization=Bearer
				Accept=application/json, application/javascript, text/javascript, text/json
Cookies:		<none>
Multiparts:		<none>
Body:			<none>
]]></system-out>
  </testcase>
  <testcase name="sampletest2" classname="RESTAPITesting.Framework.SampleTest" time="0.045">
    <failure message="Connection refused (Connection refused)" type="java.net.ConnectException"><![CDATA[java.net.ConnectException: Connection refused (Connection refused)
	at RESTAPITesting.Framework.SampleTest.sampletest2(SampleTest.java:27)
]]></failure>
    <system-out><![CDATA[Request method:	GET
Request URI:	http://localhost:8080/app/videogames/13
Proxy:			<none>
Request params:	<none>
Query params:	<none>
Form params:	<none>
Path params:	key=13
Headers:		Authorization=Bearer
				Accept=application/json, application/javascript, text/javascript, text/json
Cookies:		<none>
Multiparts:		<none>
Body:			<none>
]]></system-out>
  </testcase>
  <testcase name="sampletest3" classname="RESTAPITesting.Framework.SampleTest" time="0.008">
    <failure message="Illegal character in path at index 37: http://localhost:8080/app/videogames/{PathParamsmap}" type="java.net.URISyntaxException"><![CDATA[java.net.URISyntaxException: Illegal character in path at index 37: http://localhost:8080/app/videogames/{PathParamsmap}
	at RESTAPITesting.Framework.SampleTest.sampletest3(SampleTest.java:40)
]]></failure>
  </testcase>
  <testcase name="testCase2" classname="RESTAPITesting.BasicAPITesting.TestCase2" time="0.503">
    <system-out><![CDATA[Response Body is {"page":2,"per_page":6,"total":12,"total_pages":2,"data":[{"id":7,"email":"michael.lawson@reqres.in","first_name":"Michael","last_name":"Lawson","avatar":"https://reqres.in/img/faces/7-image.jpg"},{"id":8,"email":"lindsay.ferguson@reqres.in","first_name":"Lindsay","last_name":"Ferguson","avatar":"https://reqres.in/img/faces/8-image.jpg"},{"id":9,"email":"tobias.funke@reqres.in","first_name":"Tobias","last_name":"Funke","avatar":"https://reqres.in/img/faces/9-image.jpg"},{"id":10,"email":"byron.fields@reqres.in","first_name":"Byron","last_name":"Fields","avatar":"https://reqres.in/img/faces/10-image.jpg"},{"id":11,"email":"george.edwards@reqres.in","first_name":"George","last_name":"Edwards","avatar":"https://reqres.in/img/faces/11-image.jpg"},{"id":12,"email":"rachel.howell@reqres.in","first_name":"Rachel","last_name":"Howell","avatar":"https://reqres.in/img/faces/12-image.jpg"}],"support":{"url":"https://reqres.in/#support-heading","text":"To keep ReqRes free, contributions towards server costs are appreciated!"}}
Status code 200
response.getTime()
response statusline HTTP/1.1 200 OK
header contentType is application/json; charset=utf-8
]]></system-out>
  </testcase>
</testsuite>